c:\users\braydon\documents\visual studio 2013\projects\mcwinnclient\mcwinnclient\release\vc120.pdb
c:\users\braydon\documents\visual studio 2013\projects\mcwinnclient\mcwinnclient\release\xpmfc.obj
c:\users\braydon\documents\visual studio 2013\projects\mcwinnclient\mcwinnclient\release\xpcrt.obj
c:\users\braydon\documents\visual studio 2013\projects\mcwinnclient\mcwinnclient\release\notesdlg.obj
c:\users\braydon\documents\visual studio 2013\projects\mcwinnclient\mcwinnclient\release\mcwinnclientdlg.obj
c:\users\braydon\documents\visual studio 2013\projects\mcwinnclient\mcwinnclient\release\mcwinnclient.obj
c:\users\braydon\documents\visual studio 2013\projects\mcwinnclient\mcwinnclient\release\filterdlg.obj
c:\users\braydon\documents\visual studio 2013\projects\mcwinnclient\mcwinnclient\release\customerdlg.obj
c:\users\braydon\documents\visual studio 2013\projects\mcwinnclient\mcwinnclient\release\mcwinn filters - chilliwack.pch
c:\users\braydon\documents\visual studio 2013\projects\mcwinnclient\mcwinnclient\release\stdafx.obj
c:\users\braydon\documents\visual studio 2013\projects\mcwinnclient\release\mcwinn filters - chilliwack.exe
c:\users\braydon\documents\visual studio 2013\projects\mcwinnclient\release\mcwinn filters - chilliwack.pdb
c:\users\braydon\documents\visual studio 2013\projects\mcwinnclient\mcwinnclient\release\xpcrtwrap.obj
c:\users\braydon\documents\visual studio 2013\projects\mcwinnclient\mcwinnclient\release\xpmfcwrap.obj
c:\users\braydon\documents\visual studio 2013\projects\mcwinnclient\mcwinnclient\release\mcwinnclient.res
c:\users\braydon\documents\visual studio 2013\projects\mcwinnclient\mcwinnclient\release\mcwinn f.6771b5a0.tlog\cl.command.1.tlog
c:\users\braydon\documents\visual studio 2013\projects\mcwinnclient\mcwinnclient\release\mcwinn f.6771b5a0.tlog\cl.read.1.tlog
c:\users\braydon\documents\visual studio 2013\projects\mcwinnclient\mcwinnclient\release\mcwinn f.6771b5a0.tlog\cl.write.1.tlog
c:\users\braydon\documents\visual studio 2013\projects\mcwinnclient\mcwinnclient\release\mcwinn f.6771b5a0.tlog\link.command.1.tlog
c:\users\braydon\documents\visual studio 2013\projects\mcwinnclient\mcwinnclient\release\mcwinn f.6771b5a0.tlog\link.read.1.tlog
c:\users\braydon\documents\visual studio 2013\projects\mcwinnclient\mcwinnclient\release\mcwinn f.6771b5a0.tlog\link.write.1.tlog
c:\users\braydon\documents\visual studio 2013\projects\mcwinnclient\mcwinnclient\release\mcwinn f.6771b5a0.tlog\mcwinn filters - chilliwack.write.1u.tlog
c:\users\braydon\documents\visual studio 2013\projects\mcwinnclient\mcwinnclient\release\mcwinn f.6771b5a0.tlog\rc.command.1.tlog
c:\users\braydon\documents\visual studio 2013\projects\mcwinnclient\mcwinnclient\release\mcwinn f.6771b5a0.tlog\rc.read.1.tlog
c:\users\braydon\documents\visual studio 2013\projects\mcwinnclient\mcwinnclient\release\mcwinn f.6771b5a0.tlog\rc.write.1.tlog
